2025-12-15 09:07:52,447 - app.main - INFO - ================================================================================
2025-12-15 09:07:52,447 - app.main - INFO - MockTrade API Starting Up
2025-12-15 09:07:52,447 - app.main - INFO - Timestamp: 2025-12-15 09:07:52.447883
2025-12-15 09:07:52,447 - app.main - INFO - DATABASE_URL: postgresql://postgres:postgres@localhost:5432/mocktrade
2025-12-15 09:07:52,447 - app.main - INFO - ================================================================================
2025-12-15 09:07:52,595 - app.database - INFO - ================================================================================
2025-12-15 09:07:52,595 - app.database - INFO - DATABASE CONFIGURATION
2025-12-15 09:07:52,595 - app.database - INFO - DATABASE_URL env var: postgresql://postgres:postgres@localhost:5432/mocktrade
2025-12-15 09:07:52,595 - app.database - INFO - DATABASE: Using PostgreSQL connection: postgresql://postgres:postgres@localhost:5432/mocktrade
2025-12-15 09:07:52,646 - app.database - INFO - Connecting to DB at: postgresql://postgres:postgres@localhost:5432/mocktrade
2025-12-15 09:07:52,646 - app.database - INFO - ================================================================================
/Users/ravikiranreddygajula/Library/Python/3.9/lib/python/site-packages/pydantic/_internal/_config.py:383: UserWarning: Valid config keys have changed in V2:
* 'orm_mode' has been renamed to 'from_attributes'
  warnings.warn(message, UserWarning)
2025-12-15 09:07:52,770 - app.main - INFO - Registering legacy routes...
2025-12-15 09:07:52,772 - app.main - INFO - Registering static_data routes...
2025-12-15 09:07:52,792 - app.main - INFO - Registering market_data routes...
2025-12-15 09:07:52,794 - app.main - INFO - Registering enrichment routes...
2025-12-15 09:07:52,795 - app.main - INFO - Registering trade routes...
2025-12-15 09:07:52,798 - app.main - INFO - Registering security routes...
2025-12-15 09:07:52,810 - app.main - INFO - All routes registered successfully
INFO:     Started server process [26963]
INFO:     Waiting for application startup.
INFO:     Application startup complete.
ERROR:    [Errno 48] error while attempting to bind on address ('127.0.0.1', 8000): address already in use
INFO:     Waiting for application shutdown.
INFO:     Application shutdown complete.
2025-12-15 09:08:17,737 - app.main - INFO - ================================================================================
2025-12-15 09:08:17,737 - app.main - INFO - MockTrade API Starting Up
2025-12-15 09:08:17,737 - app.main - INFO - Timestamp: 2025-12-15 09:08:17.737601
2025-12-15 09:08:17,737 - app.main - INFO - DATABASE_URL: postgresql://postgres:postgres@localhost:5432/mocktrade
2025-12-15 09:08:17,737 - app.main - INFO - ================================================================================
2025-12-15 09:08:17,887 - app.database - INFO - ================================================================================
2025-12-15 09:08:17,887 - app.database - INFO - DATABASE CONFIGURATION
2025-12-15 09:08:17,887 - app.database - INFO - DATABASE_URL env var: postgresql://postgres:postgres@localhost:5432/mocktrade
2025-12-15 09:08:17,887 - app.database - INFO - DATABASE: Using PostgreSQL connection: postgresql://postgres:postgres@localhost:5432/mocktrade
2025-12-15 09:08:17,942 - app.database - INFO - Connecting to DB at: postgresql://postgres:postgres@localhost:5432/mocktrade
2025-12-15 09:08:17,942 - app.database - INFO - ================================================================================
/Users/ravikiranreddygajula/Library/Python/3.9/lib/python/site-packages/pydantic/_internal/_config.py:383: UserWarning: Valid config keys have changed in V2:
* 'orm_mode' has been renamed to 'from_attributes'
  warnings.warn(message, UserWarning)
2025-12-15 09:08:18,071 - app.main - INFO - Registering legacy routes...
2025-12-15 09:08:18,072 - app.main - INFO - Registering static_data routes...
2025-12-15 09:08:18,091 - app.main - INFO - Registering market_data routes...
2025-12-15 09:08:18,093 - app.main - INFO - Registering enrichment routes...
2025-12-15 09:08:18,094 - app.main - INFO - Registering trade routes...
2025-12-15 09:08:18,096 - app.main - INFO - Registering security routes...
2025-12-15 09:08:18,107 - app.main - INFO - All routes registered successfully
INFO:     Started server process [27032]
INFO:     Waiting for application startup.
INFO:     Application startup complete.
ERROR:    [Errno 48] error while attempting to bind on address ('127.0.0.1', 8000): address already in use
INFO:     Waiting for application shutdown.
INFO:     Application shutdown complete.
