/Users/ravikiranreddygajula/Library/Python/3.9/lib/python/site-packages/pydantic/_internal/_config.py:383: UserWarning: Valid config keys have changed in V2:
* 'orm_mode' has been renamed to 'from_attributes'
  warnings.warn(message, UserWarning)
INFO:     Started server process [2133]
INFO:     Waiting for application startup.
INFO:     Application startup complete.
INFO:     Uvicorn running on http://0.0.0.0:8000 (Press CTRL+C to quit)
Connecting to DB at: sqlite:///./dev.db
INFO:     127.0.0.1:58046 - "GET /api/v1/static-data/instruments HTTP/1.1" 500 Internal Server Error
ERROR:    Exception in ASGI application
Traceback (most recent call last):
  File "/Users/ravikiranreddygajula/Library/Python/3.9/lib/python/site-packages/sqlalchemy/engine/base.py", line 1967, in _exec_single_context
    self.dialect.do_execute(
  File "/Users/ravikiranreddygajula/Library/Python/3.9/lib/python/site-packages/sqlalchemy/engine/default.py", line 952, in do_execute
    cursor.execute(statement, parameters)
sqlite3.OperationalError: no such column: instrument.name

The above exception was the direct cause of the following exception:

Traceback (most recent call last):
  File "/Users/ravikiranreddygajula/Library/Python/3.9/lib/python/site-packages/uvicorn/protocols/http/httptools_impl.py", line 409, in run_asgi
    result = await app(  # type: ignore[func-returns-value]
  File "/Users/ravikiranreddygajula/Library/Python/3.9/lib/python/site-packages/uvicorn/middleware/proxy_headers.py", line 60, in __call__
    return await self.app(scope, receive, send)
  File "/Users/ravikiranreddygajula/Library/Python/3.9/lib/python/site-packages/fastapi/applications.py", line 1139, in __call__
    await super().__call__(scope, receive, send)
  File "/Users/ravikiranreddygajula/Library/Python/3.9/lib/python/site-packages/starlette/applications.py", line 113, in __call__
    await self.middleware_stack(scope, receive, send)
  File "/Users/ravikiranreddygajula/Library/Python/3.9/lib/python/site-packages/starlette/middleware/errors.py", line 186, in __call__
    raise exc
  File "/Users/ravikiranreddygajula/Library/Python/3.9/lib/python/site-packages/starlette/middleware/errors.py", line 164, in __call__
    await self.app(scope, receive, _send)
  File "/Users/ravikiranreddygajula/Library/Python/3.9/lib/python/site-packages/starlette/middleware/cors.py", line 85, in __call__
    await self.app(scope, receive, send)
  File "/Users/ravikiranreddygajula/Library/Python/3.9/lib/python/site-packages/starlette/middleware/exceptions.py", line 63, in __call__
    await wrap_app_handling_exceptions(self.app, conn)(scope, receive, send)
  File "/Users/ravikiranreddygajula/Library/Python/3.9/lib/python/site-packages/starlette/_exception_handler.py", line 53, in wrapped_app
    raise exc
  File "/Users/ravikiranreddygajula/Library/Python/3.9/lib/python/site-packages/starlette/_exception_handler.py", line 42, in wrapped_app
    await app(scope, receive, sender)
  File "/Users/ravikiranreddygajula/Library/Python/3.9/lib/python/site-packages/fastapi/middleware/asyncexitstack.py", line 18, in __call__
    await self.app(scope, receive, send)
  File "/Users/ravikiranreddygajula/Library/Python/3.9/lib/python/site-packages/starlette/routing.py", line 716, in __call__
    await self.middleware_stack(scope, receive, send)
  File "/Users/ravikiranreddygajula/Library/Python/3.9/lib/python/site-packages/starlette/routing.py", line 736, in app
    await route.handle(scope, receive, send)
  File "/Users/ravikiranreddygajula/Library/Python/3.9/lib/python/site-packages/starlette/routing.py", line 290, in handle
    await self.app(scope, receive, send)
  File "/Users/ravikiranreddygajula/Library/Python/3.9/lib/python/site-packages/fastapi/routing.py", line 120, in app
    await wrap_app_handling_exceptions(app, request)(scope, receive, send)
  File "/Users/ravikiranreddygajula/Library/Python/3.9/lib/python/site-packages/starlette/_exception_handler.py", line 53, in wrapped_app
    raise exc
  File "/Users/ravikiranreddygajula/Library/Python/3.9/lib/python/site-packages/starlette/_exception_handler.py", line 42, in wrapped_app
    await app(scope, receive, sender)
  File "/Users/ravikiranreddygajula/Library/Python/3.9/lib/python/site-packages/fastapi/routing.py", line 106, in app
    response = await f(request)
  File "/Users/ravikiranreddygajula/Library/Python/3.9/lib/python/site-packages/fastapi/routing.py", line 430, in app
    raw_response = await run_endpoint_function(
  File "/Users/ravikiranreddygajula/Library/Python/3.9/lib/python/site-packages/fastapi/routing.py", line 318, in run_endpoint_function
    return await run_in_threadpool(dependant.call, **values)
  File "/Users/ravikiranreddygajula/Library/Python/3.9/lib/python/site-packages/starlette/concurrency.py", line 38, in run_in_threadpool
    return await anyio.to_thread.run_sync(func)
  File "/Users/ravikiranreddygajula/Library/Python/3.9/lib/python/site-packages/anyio/to_thread.py", line 61, in run_sync
    return await get_async_backend().run_sync_in_worker_thread(
  File "/Users/ravikiranreddygajula/Library/Python/3.9/lib/python/site-packages/anyio/_backends/_asyncio.py", line 2525, in run_sync_in_worker_thread
    return await future
  File "/Users/ravikiranreddygajula/Library/Python/3.9/lib/python/site-packages/anyio/_backends/_asyncio.py", line 986, in run
    result = context.run(func, *args)
  File "/Users/ravikiranreddygajula/MockTrade/mock-trade-api/app/modules/static_data/routes.py", line 62, in list_instruments
    instruments = db.query(models.Instrument).all()
  File "/Users/ravikiranreddygajula/Library/Python/3.9/lib/python/site-packages/sqlalchemy/orm/query.py", line 2704, in all
    return self._iter().all()  # type: ignore
  File "/Users/ravikiranreddygajula/Library/Python/3.9/lib/python/site-packages/sqlalchemy/orm/query.py", line 2857, in _iter
    result: Union[ScalarResult[_T], Result[_T]] = self.session.execute(
  File "/Users/ravikiranreddygajula/Library/Python/3.9/lib/python/site-packages/sqlalchemy/orm/session.py", line 2351, in execute
    return self._execute_internal(
  File "/Users/ravikiranreddygajula/Library/Python/3.9/lib/python/site-packages/sqlalchemy/orm/session.py", line 2249, in _execute_internal
    result: Result[Any] = compile_state_cls.orm_execute_statement(
  File "/Users/ravikiranreddygajula/Library/Python/3.9/lib/python/site-packages/sqlalchemy/orm/context.py", line 306, in orm_execute_statement
    result = conn.execute(
  File "/Users/ravikiranreddygajula/Library/Python/3.9/lib/python/site-packages/sqlalchemy/engine/base.py", line 1419, in execute
    return meth(
  File "/Users/ravikiranreddygajula/Library/Python/3.9/lib/python/site-packages/sqlalchemy/sql/elements.py", line 527, in _execute_on_connection
    return connection._execute_clauseelement(
  File "/Users/ravikiranreddygajula/Library/Python/3.9/lib/python/site-packages/sqlalchemy/engine/base.py", line 1641, in _execute_clauseelement
    ret = self._execute_context(
  File "/Users/ravikiranreddygajula/Library/Python/3.9/lib/python/site-packages/sqlalchemy/engine/base.py", line 1846, in _execute_context
    return self._exec_single_context(
  File "/Users/ravikiranreddygajula/Library/Python/3.9/lib/python/site-packages/sqlalchemy/engine/base.py", line 1986, in _exec_single_context
    self._handle_dbapi_exception(
  File "/Users/ravikiranreddygajula/Library/Python/3.9/lib/python/site-packages/sqlalchemy/engine/base.py", line 2363, in _handle_dbapi_exception
    raise sqlalchemy_exception.with_traceback(exc_info[2]) from e
  File "/Users/ravikiranreddygajula/Library/Python/3.9/lib/python/site-packages/sqlalchemy/engine/base.py", line 1967, in _exec_single_context
    self.dialect.do_execute(
  File "/Users/ravikiranreddygajula/Library/Python/3.9/lib/python/site-packages/sqlalchemy/engine/default.py", line 952, in do_execute
    cursor.execute(statement, parameters)
sqlalchemy.exc.OperationalError: (sqlite3.OperationalError) no such column: instrument.name
[SQL: SELECT instrument.instrument_id AS instrument_instrument_id, instrument.symbol AS instrument_symbol, instrument.name AS instrument_name, instrument.asset_class AS instrument_asset_class, instrument.instrument_type AS instrument_instrument_type, instrument.status AS instrument_status, instrument.created_at AS instrument_created_at, instrument.metadata_json AS instrument_metadata_json 
FROM instrument]
(Background on this error at: https://sqlalche.me/e/20/e3q8)
